Arguments: 
  /usr/local/Cellar/node/15.5.0/bin/node /usr/local/bin/yarn

PATH: 
  /usr/local/opt/openresty/luajit/bin:/usr/local/opt/openresty/nginx/sbin:/Users/chris/miniconda/condabin:/Users/chris/miniconda/bin:/usr/local/lib/node_modules:/Users/chris/.cargo/bin::/Users/chris/.nimble/bin:/Users/chris/bin:/usr/local/bin:/usr/local/sbin:/sbin/:/usr/sbin/:/usr/bin:/bin:/Users/chris/.resh/bin

Yarn version: 
  1.22.4

Node version: 
  15.5.0

Platform: 
  darwin x64

Trace: 
  SyntaxError: /Users/chris/Development/tahto/foundation/src-app/tool/prettier_plugin_lua/.build/package.json: Unexpected string in JSON at position 260
      at JSON.parse (<anonymous>)
      at /usr/local/lib/node_modules/yarn/lib/cli.js:1625:59
      at Generator.next (<anonymous>)
      at step (/usr/local/lib/node_modules/yarn/lib/cli.js:310:30)
      at /usr/local/lib/node_modules/yarn/lib/cli.js:321:13

npm manifest: 
  {
    "name": "prettier-plugin-lua",
    "main": "src/main.js",
    "scripts": {
      "package": "rollup -c",
      "release": "cp dist/bundle.js $(git root)/resources/assets/fx.prettier/prettier-lua.js"
    },
    "dependencies": {
      "@prettier/plugin-lua": "0.0.1"
      "prettier": "1.19.1"
    },
    "devDependencies": {
      "@rollup/plugin-commonjs": "17.0.0",
      "@rollup/plugin-json": "4.1.0",
      "@rollup/plugin-node-resolve": "11.0.1",
      "rollup": "2.36.1"
    }
  }

yarn manifest: 
  No manifest

Lockfile: 
  No lockfile
